<?xml version="1.0" encoding="utf-8"?><testsuites><testsuite name="pytest" errors="0" failures="0" skipped="13" tests="4113" time="315.429" timestamp="2026-01-22T13:27:40.334042" hostname="fd19feaab431"><testcase classname="tests.ai_use_cases.test_00_diagnostics" name="test_openrouter_api_connectivity" time="0.002"><skipped type="pytest.skip" message="OPENROUTER_API_KEY not set - skipping AI evaluation tests">/__w/Viewer/Viewer/tests/ai_use_cases/test_00_diagnostics.py:15: OPENROUTER_API_KEY not set - skipping AI evaluation tests</skipped></testcase><testcase classname="tests.ai_use_cases.test_00_diagnostics" name="test_ai_assist_server_exists" time="0.255" /><testcase classname="tests.ai_use_cases.test_00_diagnostics" name="test_ai_assist_minimal_request" time="0.000"><skipped type="pytest.skip" message="OPENROUTER_API_KEY not set - skipping AI evaluation tests">/__w/Viewer/Viewer/tests/ai_use_cases/test_00_diagnostics.py:206: OPENROUTER_API_KEY not set - skipping AI evaluation tests</skipped></testcase><testcase classname="tests.ai_use_cases.test_alias_editor" name="test_add_query_parameters" time="0.000"><skipped type="pytest.skip" message="OPENROUTER_API_KEY not set - skipping AI evaluation tests">/__w/Viewer/Viewer/tests/ai_use_cases/test_alias_editor.py:13: OPENROUTER_API_KEY not set - skipping AI evaluation tests</skipped></testcase><testcase classname="tests.ai_use_cases.test_cid_editor" name="test_add_email_field" time="0.000"><skipped type="pytest.skip" message="OPENROUTER_API_KEY not set - skipping AI evaluation tests">/__w/Viewer/Viewer/tests/ai_use_cases/test_cid_editor.py:13: OPENROUTER_API_KEY not set - skipping AI evaluation tests</skipped></testcase><testcase classname="tests.ai_use_cases.test_import_form" name="test_csv_to_json_conversion" time="0.000"><skipped type="pytest.skip" message="OPENROUTER_API_KEY not set - skipping AI evaluation tests">/__w/Viewer/Viewer/tests/ai_use_cases/test_import_form.py:13: OPENROUTER_API_KEY not set - skipping AI evaluation tests</skipped></testcase><testcase classname="tests.ai_use_cases.test_secret_form" name="test_add_retry_configuration" time="0.000"><skipped type="pytest.skip" message="OPENROUTER_API_KEY not set - skipping AI evaluation tests">/__w/Viewer/Viewer/tests/ai_use_cases/test_secret_form.py:13: OPENROUTER_API_KEY not set - skipping AI evaluation tests</skipped></testcase><testcase classname="tests.ai_use_cases.test_server_definition_editor" name="test_add_input_validation" time="0.000"><skipped type="pytest.skip" message="OPENROUTER_API_KEY not set - skipping AI evaluation tests">/__w/Viewer/Viewer/tests/ai_use_cases/test_server_definition_editor.py:15: OPENROUTER_API_KEY not set - skipping AI evaluation tests</skipped></testcase><testcase classname="tests.ai_use_cases.test_server_definition_editor" name="test_add_logging" time="0.000"><skipped type="pytest.skip" message="OPENROUTER_API_KEY not set - skipping AI evaluation tests">/__w/Viewer/Viewer/tests/ai_use_cases/test_server_definition_editor.py:72: OPENROUTER_API_KEY not set - skipping AI evaluation tests</skipped></testcase><testcase classname="tests.ai_use_cases.test_server_test_card" name="test_add_query_filters" time="0.001"><skipped type="pytest.skip" message="OPENROUTER_API_KEY not set - skipping AI evaluation tests">/__w/Viewer/Viewer/tests/ai_use_cases/test_server_test_card.py:13: OPENROUTER_API_KEY not set - skipping AI evaluation tests</skipped></testcase><testcase classname="tests.ai_use_cases.test_upload_form" name="test_convert_to_markdown_list" time="0.001"><skipped type="pytest.skip" message="OPENROUTER_API_KEY not set - skipping AI evaluation tests">/__w/Viewer/Viewer/tests/ai_use_cases/test_upload_form.py:12: OPENROUTER_API_KEY not set - skipping AI evaluation tests</skipped></testcase><testcase classname="tests.ai_use_cases.test_variable_form" name="test_add_feature_flags" time="0.001"><skipped type="pytest.skip" message="OPENROUTER_API_KEY not set - skipping AI evaluation tests">/__w/Viewer/Viewer/tests/ai_use_cases/test_variable_form.py:13: OPENROUTER_API_KEY not set - skipping AI evaluation tests</skipped></testcase><testcase classname="tests.integration.test_ai_editor_integration.TestAiEditorIntegration" name="test_ai_editor_server_is_available" time="0.332" /><testcase classname="tests.integration.test_ai_editor_integration.TestAiEditorIntegration" name="test_ai_editor_renders_tabs" time="0.324" /><testcase classname="tests.integration.test_ai_editor_integration.TestAiEditorIntegration" name="test_ai_editor_populates_from_payload" time="0.306" /><testcase classname="tests.integration.test_ai_editor_integration.TestAiEditorIntegration" name="test_ai_editor_contains_navigation_and_info_menu" time="0.305" /><testcase classname="tests.integration.test_ai_editor_integration.TestAiEditorIntegration" name="test_initial_payload_matches_submitted_request" time="0.427" /><testcase classname="tests.integration.test_ai_editor_integration.TestAiEditorIntegration" name="test_ai_editor_escapes_payload_attribute" time="0.305" /><testcase classname="tests.integration.test_ai_editor_integration.TestAiEditorIntegration" name="test_ai_editor_returns_error_for_invalid_json_payload" time="0.305" /><testcase classname="tests.integration.test_ai_editor_integration.TestAiEditorIntegration" name="test_ai_editor_returns_error_for_invalid_form_payload" time="0.304" /><testcase classname="tests.integration.test_cli_integration.TestCliIntegration" name="test_default_boot_cid_not_loaded_with_url" time="1.749" /><testcase classname="tests.integration.test_cli_integration.TestCliIntegration" name="test_help_flag" time="0.828" /><testcase classname="tests.integration.test_cli_integration.TestCliIntegration" name="test_invalid_cid_format" time="1.662" /><testcase classname="tests.integration.test_cli_integration.TestCliIntegration" name="test_invalid_url_format" time="1.690" /><testcase classname="tests.integration.test_cli_integration.TestCliIntegration" name="test_legacy_boot_cid_flag" time="1.659" /><testcase classname="tests.integration.test_cli_integration.TestCliIntegration" name="test_list_flag" time="0.838" /><testcase classname="tests.integration.test_cli_integration.TestCliIntegration" name="test_multiple_urls_error" time="1.662" /><testcase classname="tests.integration.test_cli_integration.TestCliIntegration" name="test_too_many_arguments" time="0.832" /><testcase classname="tests.integration.test_cli_integration.TestCliIntegration" name="test_url_only_http" time="1.762" /><testcase classname="tests.integration.test_cli_integration.TestCliIntegration" name="test_url_only_slash_path" time="1.743" /><testcase classname="tests.integration.test_cli_integration.TestCliIntegration" name="test_url_with_invalid_cid_exits_without_server" time="1.668" /><testcase classname="tests.integration.test_cli_integration.TestCliIntegration" name="test_url_with_valid_cid_exits_without_server" time="0.836"><skipped type="pytest.skip" message="No valid boot CID available in database">/__w/Viewer/Viewer/tests/integration/test_cli_integration.py:230: No valid boot CID available in database</skipped></testcase><testcase classname="tests.integration.test_cli_integration.TestCliIntegration" name="test_valid_cid_not_found" time="1.673" /><testcase classname="tests.integration.test_cli_integration.TestCliArgumentParsing" name="test_help_long_form" time="0.836" /><testcase classname="tests.integration.test_cli_integration.TestCliArgumentParsing" name="test_help_short_form" time="0.826" /><testcase classname="tests.integration.test_cli_integration.TestCliArgumentParsing" name="test_list_only" time="0.835" /><testcase classname="tests.integration.test_cli_integration.TestCliUrlDetection" name="test_http_is_url" time="1.745" /><testcase classname="tests.integration.test_cli_integration.TestCliUrlDetection" name="test_https_is_url" time="1.740" /><testcase classname="tests.integration.test_cli_integration.TestCliUrlDetection" name="test_slash_is_url" time="1.733" /><testcase classname="tests.integration.test_cli_integration.TestNonServerRunOptions" name="test_help_completes_quickly" time="0.834" /><testcase classname="tests.integration.test_cli_integration.TestNonServerRunOptions" name="test_help_exits_without_server" time="0.833" /><testcase classname="tests.integration.test_cli_integration.TestNonServerRunOptions" name="test_help_short_completes_quickly" time="0.840" /><testcase classname="tests.integration.test_cli_integration.TestNonServerRunOptions" name="test_help_short_exits_without_server" time="0.827" /><testcase classname="tests.integration.test_cli_integration.TestNonServerRunOptions" name="test_list_completes_quickly" time="0.831" /><testcase classname="tests.integration.test_cli_integration.TestNonServerRunOptions" name="test_list_with_cids_found_exits_without_server" time="0.841"><skipped type="pytest.skip" message="No boot CIDs in database - cannot test 'found' case">/__w/Viewer/Viewer/tests/integration/test_cli_integration.py:390: No boot CIDs in database - cannot test 'found' case</skipped></testcase><testcase classname="tests.integration.test_cli_integration.TestNonServerRunOptions" name="test_list_without_cids_exits_without_server" time="0.824" /><testcase classname="tests.integration.test_cli_integration.TestNonServerRunOptions" name="test_url_404_exits_with_error_code" time="1.734" /><testcase classname="tests.integration.test_cli_integration.TestNonServerRunOptions" name="test_url_completes_quickly" time="1.733" /><testcase classname="tests.integration.test_cli_integration.TestNonServerRunOptions" name="test_url_http_exits_without_server" time="1.706" /><testcase classname="tests.integration.test_cli_integration.TestNonServerRunOptions" name="test_url_slash_exits_without_server" time="1.725" /><testcase classname="tests.integration.test_gateway_cids.TestGatewayCIDS" name="test_gateway_cids_path_parsing" time="1.706" /><testcase classname="tests.integration.test_gateway_cids.TestGatewayCIDS" name="test_gateway_cids_with_invalid_cid_shows_error" time="0.738" /><testcase classname="tests.integration.test_gateway_cids.TestGatewayCIDS" name="test_gateway_cids_without_archive_shows_error" time="0.785" /><testcase classname="tests.integration.test_github_pr_workflow.TestGitHubPRIntegration" name="test_export_missing_github_fields_prepares_manual_flow" time="0.342" /><testcase classname="tests.integration.test_github_pr_workflow.TestGitHubPRIntegration" name="test_export_pr_error_handling" time="0.392" /><testcase classname="tests.integration.test_github_pr_workflow.TestGitHubPRIntegration" name="test_export_to_github_pr_flow" time="0.339" /><testcase classname="tests.integration.test_github_pr_workflow.TestGitHubPRIntegration" name="test_import_from_github_pr_flow" time="0.560" /><testcase classname="tests.integration.test_github_pr_workflow.TestGitHubPRIntegration" name="test_import_missing_github_pr_url" time="0.334" /><testcase classname="tests.integration.test_github_pr_workflow.TestGitHubPRIntegration" name="test_import_pr_error_handling" time="0.334" /><testcase classname="tests.integration.test_help_docs_reachability" name="test_all_docs_files_are_linked_and_reachable_from_help" time="0.910" /><testcase classname="tests.integration.test_hrx_server_integration.TestHRXServerIntegration" name="test_hrx_server_end_to_end_workflow" time="0.300" /><testcase classname="tests.integration.test_hrx_server_integration.TestHRXServerIntegration" name="test_hrx_server_error_handling" time="0.578" /><testcase classname="tests.integration.test_hrx_server_integration.TestHRXServerIntegration" name="test_hrx_server_with_real_world_example" time="0.305" /><testcase classname="tests.integration.test_identity_responses" name="test_alias_creation_redirects_consistently" time="0.363" /><testcase classname="tests.integration.test_identity_responses" name="test_server_creation_redirects_consistently" time="0.383" /><testcase classname="tests.integration.test_identity_responses" name="test_css_alias_resolves_without_user_specific_alias" time="0.367" /><testcase classname="tests.integration.test_identity_responses" name="test_css_alias_redirect_chain_is_consistent_with_session" time="0.352" /><testcase classname="tests.integration.test_identity_responses" name="test_css_alias_outdated_definition_is_upgraded" time="0.355" /><testcase classname="tests.integration.test_readonly_mode.TestReadOnlyModeIntegration" name="test_read_only_mode_blocks_post_requests" time="0.221" /><testcase classname="tests.integration.test_readonly_mode.TestReadOnlyModeIntegration" name="test_read_only_mode_blocks_delete_requests" time="0.429" /><testcase classname="tests.integration.test_readonly_mode.TestReadOnlyModeIntegration" name="test_read_only_mode_allows_get_requests" time="0.288" /><testcase classname="tests.integration.test_readonly_mode.TestReadOnlyModeIntegration" name="test_normal_mode_allows_state_changes" time="0.342" /><testcase classname="tests.integration.test_readonly_mode.TestReadOnlyModeIntegration" name="test_page_views_not_tracked_in_readonly_mode" time="0.295" /><testcase classname="tests.integration.test_readonly_mode.TestReadOnlyModeIntegration" name="test_interactions_not_recorded_in_readonly_mode" time="0.218" /><testcase classname="tests.integration.test_ui_suggestions_integration.TestUIShownOnViews" name="test_alias_view_shows_no_uis_when_none_configured" time="0.102" /><testcase classname="tests.integration.test_ui_suggestions_integration.TestUIShownOnViews" name="test_server_view_shows_no_uis_when_none_configured" time="0.155" /><testcase classname="tests.integration.test_ui_suggestions_integration.TestUIShownOnViews" name="test_variable_view_shows_no_uis_when_none_configured" time="0.061" /><testcase classname="tests.integration.test_ui_suggestions_integration.TestUIDisplayedWhenConfigured" name="test_alias_view_shows_configured_uis" time="0.052" /><testcase classname="tests.integration.test_ui_suggestions_integration.TestUIDisplayedWhenConfigured" name="test_server_view_shows_configured_uis" time="0.067" /><testcase classname="tests.integration.test_ui_suggestions_integration.TestUIDisplayedWhenConfigured" name="test_variable_view_shows_configured_uis" time="0.047" /><testcase classname="tests.integration.test_urleditor_integration.TestURLEditorIntegration" name="test_urleditor_server_is_loaded" time="0.311" /><testcase classname="tests.integration.test_urleditor_integration.TestURLEditorIntegration" name="test_urleditor_returns_html_page" time="0.298" /><testcase classname="tests.integration.test_urleditor_integration.TestURLEditorIntegration" name="test_urleditor_has_three_columns" time="0.302" /><testcase classname="tests.integration.test_urleditor_integration.TestURLEditorIntegration" name="test_urleditor_includes_ace_editor" time="0.299" /><testcase classname="tests.integration.test_urleditor_integration.TestURLEditorIntegration" name="test_urleditor_has_action_buttons" time="0.301" /><testcase classname="tests.integration.test_urleditor_integration.TestURLEditorIntegration" name="test_urleditor_subpath_redirects" time="0.262" /><testcase classname="tests.integration.test_urleditor_integration.TestURLEditorIntegration" name="test_urleditor_rejects_chained_input" time="0.301" /><testcase classname="tests.integration.test_urleditor_integration.TestURLEditorIntegration" name="test_urleditor_content_type" time="0.550" /><testcase classname="tests.integration.test_urleditor_integration.TestURLEditorIntegration" name="test_urleditor_javascript_initialization" time="0.297" /><testcase classname="tests.integration.test_urleditor_integration.TestURLEditorIntegration" name="test_urleditor_has_indicators_section" time="0.299" /><testcase classname="tests.integration.test_urleditor_integration.TestURLEditorIntegration" name="test_urleditor_has_preview_section" time="0.298" /><testcase classname="tests.integration.test_urleditor_integration.TestURLEditorIntegration" name="test_urleditor_uses_meta_endpoint" time="0.294" /><testcase classname="tests.integration.test_urleditor_integration.TestURLEditorIntegration" name="test_urleditor_verbose_hover_text" time="0.299" /><testcase classname="tests.integration.test_urleditor_integration.TestURLEditorIntegration" name="test_urleditor_view_links_cumulative_paths" time="0.299" /><testcase classname="tests.integration.test_urleditor_integration.TestURLEditorIntegration" name="test_urleditor_input_preview_functionality" time="0.297" /><testcase classname="tests.integration.test_urleditor_integration.TestURLEditorIntegration" name="test_urleditor_view_link_structure" time="0.298" /><testcase classname="tests.integration.test_urleditor_integration.TestURLEditorIntegration" name="test_urleditor_has_status_indicator_column" time="0.298" /><testcase classname="tests.integration.test_urleditor_integration.TestURLEditorIntegration" name="test_urleditor_status_indicator_css" time="0.299" /><testcase classname="tests.integration.test_urleditor_integration.TestURLEditorIntegration" name="test_urleditor_update_status_indicator_function" time="0.299" /><testcase classname="tests.integration.test_urleditor_integration.TestURLEditorIntegration" name="test_urleditor_status_changes_on_fetch" time="0.299" /><testcase classname="tests.integration.test_urleditor_integration.TestURLEditorIntegration" name="test_urleditor_failure_info_display" time="0.597" /><testcase classname="tests.integration.test_urleditor_resources.TestURLEditorResources" name="test_urleditor_returns_html_page" time="0.302" /><testcase classname="tests.integration.test_urleditor_resources.TestURLEditorResources" name="test_urleditor_includes_css_inline" time="0.296" /><testcase classname="tests.integration.test_urleditor_resources.TestURLEditorResources" name="test_urleditor_includes_js_inline" time="0.302" /><testcase classname="tests.integration.test_urleditor_resources.TestURLEditorResources" name="test_urleditor_html_structure" time="0.299" /><testcase classname="tests.integration.test_urleditor_resources.TestURLEditorResources" name="test_urleditor_no_broken_url_references" time="0.297" /><testcase classname="tests.integration.test_urleditor_resources.TestURLEditorResources" name="test_urleditor_initial_url_in_fragment" time="0.298" /><testcase classname="tests.integration.test_urleditor_resources.TestURLEditorResources" name="test_urleditor_css_contains_expected_styles" time="0.300" /><testcase classname="tests.integration.test_urleditor_resources.TestURLEditorResources" name="test_urleditor_js_contains_expected_functions" time="0.300" /><testcase classname="tests.integration.test_urleditor_resources.TestURLEditorResources" name="test_urleditor_with_initial_url_fragment" time="0.296" /><testcase classname="tests.integration.test_urleditor_resources.TestURLEditorResources" name="test_urleditor_redirects_subpath_to_fragment" time="0.264" /><testcase classname="tests.integration.test_urleditor_resources.TestURLEditorResources" name="test_urleditor_rejects_chaining" time="0.297" /><testcase classname="tests.test_ai_editor.TestAiEditorBasics" name="test_main_exists_and_returns_html" time="0.003" /><testcase classname="tests.test_ai_editor.TestAiEditorBasics" name="test_rejects_chained_input" time="0.002" /><testcase classname="tests.test_ai_editor.TestAiEditorBasics" name="test_meta_links_present" time="0.003" /><testcase classname="tests.test_ai_editor.TestAiEditorPayloadHandling" name="test_embeds_payload_from_json_request" time="0.004" /><testcase classname="tests.test_ai_editor.TestAiEditorPayloadHandling" name="test_defaults_target_endpoint_to_ai" time="0.003" /><testcase classname="tests.test_ai_editor.TestAiEditorPayloadHandling" name="test_rejects_non_object_json_payload" time="0.003" /><testcase classname="tests.test_ai_editor.TestAiEditorPayloadHandling" name="test_rejects_invalid_form_payload" time="0.003" /><testcase classname="tests.test_ai_editor.TestAiEditorPayloadHandling" name="test_parses_context_strings_as_json" time="0.003" /><testcase classname="tests.test_ai_editor.TestAiEditorPayloadHandling" name="test_payload_attribute_escapes_quotes" time="0.003" /><testcase classname="tests.test_ai_eval_reports.TestAIInteractionTracker" name="test_tracker_records_interactions" time="0.001" /><testcase classname="tests.test_ai_eval_reports.TestAIInteractionTracker" name="test_tracker_records_external_calls" time="0.001" /><testcase classname="tests.test_ai_eval_reports.TestAIInteractionTracker" name="test_tracker_callable_uses_pending_calls" time="0.001" /><testcase classname="tests.test_ai_eval_reports.TestAIInteractionTracker" name="test_tracker_callable_clears_pending_after_use" time="0.001" /><testcase classname="tests.test_ai_eval_reports.TestAIInteractionTracker" name="test_tracker_secrets_redaction" time="0.001" /><testcase classname="tests.test_ai_eval_reports.TestExternalCallCapture" name="test_capture_external_calls_basic" time="0.004" /><testcase classname="tests.test_ai_eval_reports.TestExternalCallCapture" name="test_sanitize_redacts_api_key" time="0.002" /><testcase classname="tests.test_ai_eval_reports.TestReportGeneration" name="test_format_external_call_html_basic" time="0.010" /><testcase classname="tests.test_ai_eval_reports.TestReportGeneration" name="test_format_external_call_html_redacted_key" time="0.002" /><testcase classname="tests.test_ai_eval_reports.TestReportGeneration" name="test_format_external_calls_section_empty" time="0.001" /><testcase classname="tests.test_ai_eval_reports.TestReportGeneration" name="test_format_external_calls_section_with_calls" time="0.002" /><testcase classname="tests.test_ai_eval_reports.TestReportGeneration" name="test_format_external_call_error_status" time="0.002" /><testcase classname="tests.test_ai_eval_reports.TestInteractionJSONOutput" name="test_interaction_json_includes_external_calls" time="0.003" /><testcase classname="tests.test_ai_eval_reports.TestInteractionJSONOutput" name="test_interaction_json_serializable" time="0.001" /><testcase classname="tests.test_ai_eval_reports.TestHighlightJson" name="test_highlight_json_basic" time="0.002" /><testcase classname="tests.test_ai_eval_reports.TestHighlightJson" name="test_highlight_json_handles_non_serializable" time="0.001" /><testcase classname="tests.test_ai_stub_server.TestAiStubServer" name="test_ai_alias_created_when_missing" time="0.077" /><testcase classname="tests.test_ai_stub_server.TestAiStubServer" name="test_ai_alias_definition_can_be_updated_by_user" time="0.061" /><testcase classname="tests.test_ai_stub_server.TestAiStubServer" name="test_ai_alias_preserved_when_already_defined" time="0.073" /><testcase classname="tests.test_ai_stub_server.TestAiStubServer" name="test_ai_stub_invocation_returns_expected_payload" time="0.157" /><testcase classname="tests.test_ai_stub_server.TestAiStubServer" name="test_ai_stub_resources_created" time="0.061" /><testcase classname="tests.test_ai_stub_server.TestAiStubServer" name="test_custom_ai_server_takes_precedence" time="0.100" /><testcase classname="tests.test_ai_system_prompts.TestSystemPromptLookup" name="test_build_ai_prompt_with_custom_system_prompt" time="0.004" /><testcase classname="tests.test_ai_system_prompts.TestSystemPromptLookup" name="test_build_ai_prompt_with_default_system_prompt" time="0.004" /><testcase classname="tests.test_ai_system_prompts.TestSystemPromptLookup" name="test_get_system_prompt_from_cid_fallback" time="0.003" /><testcase classname="tests.test_ai_system_prompts.TestSystemPromptLookup" name="test_lookup_with_empty_context" time="0.004" /><testcase classname="tests.test_ai_system_prompts.TestSystemPromptLookup" name="test_lookup_with_invalid_json" time="0.003" /><testcase classname="tests.test_ai_system_prompts.TestSystemPromptLookup" name="test_lookup_with_no_matching_path" time="0.004" /><testcase classname="tests.test_ai_system_prompts.TestSystemPromptLookup" name="test_lookup_with_no_prompts_config" time="0.003" /><testcase classname="tests.test_ai_system_prompts.TestSystemPromptLookup" name="test_lookup_with_no_request_path" time="0.004" /><testcase classname="tests.test_ai_system_prompts.TestSystemPromptLookup" name="test_prefix_matching" time="0.004" /><testcase classname="tests.test_ai_system_prompts.TestAiAssistWithSystemPrompts" name="test_ai_assist_uses_variable_for_system_prompt" time="0.063" /><testcase classname="tests.test_alias_definition.TestSummarizeDefinitionLines" name="test_collect_alias_routes_includes_nested_entries" time="0.001" /><testcase classname="tests.test_alias_definition.TestSummarizeDefinitionLines" name="test_summarize_definition_lines_extracts_metadata" time="0.002" /><testcase classname="tests.test_alias_definition.TestSummarizeDefinitionLines" name="test_summarize_definition_lines_flags_text_without_mapping" time="0.001" /><testcase classname="tests.test_alias_definition.TestSummarizeDefinitionLines" name="test_summarize_definition_lines_reports_parse_errors" time="0.001" /><testcase classname="tests.test_alias_definition.TestParseAliasDefinitionValidation" name="test_accepts_ignore_case_and_match_type_options" time="0.001" /><testcase classname="tests.test_alias_definition.TestParseAliasDefinitionValidation" name="test_rejects_definitions_with_non_mapping_lines" time="0.002" /><testcase classname="tests.test_alias_definition.TestParseAliasDefinitionValidation" name="test_rejects_definitions_without_mapping_lines" time="0.001" /><testcase classname="tests.test_alias_definition.TestParseAliasDefinitionValidation" name="test_rejects_invalid_nested_mapping_lines" time="0.002" /><testcase classname="tests.test_alias_definition.TestParseAliasDefinitionValidation" name="test_rejects_invalid_nested_target_paths" time="0.001" /><testcase classname="tests.test_alias_definition.TestParseAliasDefinitionValidation" name="test_rejects_invalid_target_paths" time="0.001" /><testcase classname="tests.test_alias_definition.TestParseAliasDefinitionValidation" name="test_rejects_targets_outside_application" time="0.001" /><testcase classname="tests.test_alias_definition.TestDefinitionUtility" name="test_definition_contains_mapping_detects_primary_line" time="0.001" /><testcase classname="tests.test_alias_definition.TestDefinitionUtility" name="test_ensure_primary_line_inserts_when_missing" time="0.001" /><testcase classname="tests.test_alias_definition.TestDefinitionUtility" name="test_ensure_primary_line_preserves_existing_mapping" time="0.001" /><testcase classname="tests.test_alias_definition.TestDefinitionUtility" name="test_replace_primary_definition_line_appends_when_missing" time="0.001" /><testcase classname="tests.test_alias_definition.TestDefinitionUtility" name="test_replace_primary_definition_line_preserves_indentation" time="0.001" /><testcase classname="tests.test_alias_definition.TestStripInlineComment" name="test_handles_empty_string" time="0.001" /><testcase classname="tests.test_alias_definition.TestStripInlineComment" name="test_preserves_comment_only_line_without_leading_space" time="0.001" /><testcase classname="tests.test_alias_definition.TestStripInlineComment" name="test_preserves_line_without_comment" time="0.001" /><testcase classname="tests.test_alias_definition.TestStripInlineComment" name="test_strips_comment_with_leading_space" time="0.001" /><testcase classname="tests.test_alias_definition.TestStripInlineComment" name="test_strips_inline_comment" time="0.001" /><testcase classname="tests.test_alias_definition.TestExtractPrimaryLine" name="test_extracts_first_mapping_line" time="0.001" /><testcase classname="tests.test_alias_definition.TestExtractPrimaryLine" name="test_preserves_inline_comment" time="0.001" /><testcase classname="tests.test_alias_definition.TestExtractPrimaryLine" name="test_returns_none_for_no_mapping" time="0.001" /><testcase classname="tests.test_alias_definition.TestExtractPrimaryLine" name="test_skips_blank_lines" time="0.001" /><testcase classname="tests.test_alias_definition.TestExtractPrimaryLine" name="test_skips_comment_lines" time="0.001" /><testcase classname="tests.test_alias_definition.TestNormalizeVariableMap" name="test_converts_values_to_strings" time="0.001" /><testcase classname="tests.test_alias_definition.TestNormalizeVariableMap" name="test_handles_dictionary_input" time="0.001" /><testcase classname="tests.test_alias_definition.TestNormalizeVariableMap" name="test_handles_non_iterable_input" time="0.001" /><testcase classname="tests.test_alias_definition.TestNormalizeVariableMap" name="test_handles_none_and_empty" time="0.001" /><testcase classname="tests.test_alias_definition.TestNormalizeVariableMap" name="test_handles_object_list_with_name_and_definition" time="0.001" /><testcase classname="tests.test_alias_definition.TestNormalizeVariableMap" name="test_skips_disabled_variables" time="0.001" /><testcase classname="tests.test_alias_definition.TestNormalizeVariableMap" name="test_skips_entries_without_definition" time="0.002" /><testcase classname="tests.test_alias_definition.TestNormalizeVariableMap" name="test_skips_entries_without_name" time="0.001" /><testcase classname="tests.test_alias_definition.TestNormalizeVariableMap" name="test_skips_none_entries" time="0.001" /><testcase classname="tests.test_alias_definition.TestSubstituteVariables" name="test_handles_empty_text" time="0.001" /><testcase classname="tests.test_alias_definition.TestSubstituteVariables" name="test_handles_empty_variable_name" time="0.001" /><testcase classname="tests.test_alias_definition.TestSubstituteVariables" name="test_handles_empty_variables" time="0.001" /><testcase classname="tests.test_alias_definition.TestSubstituteVariables" name="test_handles_none_text" time="0.001" /><testcase classname="tests.test_alias_definition.TestSubstituteVariables" name="test_handles_variables_with_special_chars_in_name" time="0.001" /><testcase classname="tests.test_alias_definition.TestSubstituteVariables" name="test_preserves_unknown_variables" time="0.001" /><testcase classname="tests.test_alias_definition.TestSubstituteVariables" name="test_substitutes_multiple_variables" time="0.001" /><testcase classname="tests.test_alias_definition.TestSubstituteVariables" name="test_substitutes_single_variable" time="0.001" /><testcase classname="tests.test_alias_definition.TestFormatPrimaryAliasLine" name="test_formats_flask_match" time="0.001" /><testcase classname="tests.test_alias_definition.TestFormatPrimaryAliasLine" name="test_formats_glob_match" time="0.001" /><testcase classname="tests.test_alias_definition.TestFormatPrimaryAliasLine" name="test_formats_literal_match_with_pattern" time="0.001" /><testcase classname="tests.test_alias_definition.TestFormatPrimaryAliasLine" name="test_formats_literal_match_without_options" time="0.001" /><testcase classname="tests.test_alias_definition.TestFormatPrimaryAliasLine" name="test_formats_regex_match" time="0.001" /><testcase classname="tests.test_alias_definition.TestFormatPrimaryAliasLine" name="test_handles_empty_pattern_with_alias_name" time="0.001" /><testcase classname="tests.test_alias_definition.TestFormatPrimaryAliasLine" name="test_handles_empty_pattern_without_alias_name" time="0.001" /><testcase classname="tests.test_alias_definition.TestFormatPrimaryAliasLine" name="test_includes_both_match_type_and_ignore_case" time="0.001" /><testcase classname="tests.test_alias_definition.TestFormatPrimaryAliasLine" name="test_includes_ignore_case_option" time="0.001" /><testcase classname="tests.test_alias_definition.TestFormatPrimaryAliasLine" name="test_normalizes_match_type" time="0.001" /><testcase classname="tests.test_alias_definition.TestGetPrimaryAliasRoute" name="test_returns_first_route" time="0.001" /><testcase classname="tests.test_alias_definition.TestGetPrimaryAliasRoute" name="test_returns_none_for_no_routes" time="0.001" /><testcase classname="tests.test_alias_definition.TestCollectAliasRoutesEdgeCases" name="test_deduplicates_routes" time="0.001" /><testcase classname="tests.test_alias_definition.TestCollectAliasRoutesEdgeCases" name="test_handles_empty_definition" time="0.001" /><testcase classname="tests.test_alias_definition.TestCollectAliasRoutesEdgeCases" name="test_handles_external_target_error" time="0.001" /><testcase classname="tests.test_alias_definition.TestCollectAliasRoutesEdgeCases" name="test_handles_mock_object" time="0.002" /><testcase classname="tests.test_alias_definition.TestCollectAliasRoutesEdgeCases" name="test_handles_none_definition" time="0.001" /><testcase classname="tests.test_alias_definition.TestCollectAliasRoutesEdgeCases" name="test_handles_parse_error_fallback" time="0.001" /><testcase classname="tests.test_alias_definition.TestCollectAliasRoutesEdgeCases" name="test_resolves_variables_from_alias_attributes" time="0.001" /><testcase classname="tests.test_alias_definition.TestCollectAliasRoutesEdgeCases" name="test_substitutes_variables_in_definition" time="0.001" /><testcase classname="tests.test_alias_definition.TestParseAliasDefinitionEdgeCases" name="test_accepts_empty_options" time="0.001" /><testcase classname="tests.test_alias_definition.TestParseAliasDefinitionEdgeCases" name="test_accepts_ignore_case_variations" time="0.001" /><testcase classname="tests.test_alias_definition.TestParseAliasDefinitionEdgeCases" name="test_accepts_target_with_fragment" time="0.001" /><testcase classname="tests.test_alias_definition.TestParseAliasDefinitionEdgeCases" name="test_accepts_target_with_query_params" time="0.001" /><testcase classname="tests.test_alias_definition.TestParseAliasDefinitionEdgeCases" name="test_accepts_whitespace_in_options" time="0.001" /><testcase classname="tests.test_alias_definition.TestParseAliasDefinitionEdgeCases" name="test_handles_empty_definition" time="0.001" /><testcase classname="tests.test_alias_definition.TestParseAliasDefinitionEdgeCases" name="test_handles_multiple_arrows" time="0.001" /><testcase classname="tests.test_alias_definition.TestParseAliasDefinitionEdgeCases" name="test_handles_none_definition" time="0.001" /><testcase classname="tests.test_alias_definition.TestParseAliasDefinitionEdgeCases" name="test_preserves_pattern_text" time="0.001" /><testcase classname="tests.test_alias_definition.TestParseAliasDefinitionEdgeCases" name="test_rejects_arrow_in_comment_only" time="0.001" /><testcase classname="tests.test_alias_definition.TestParseAliasDefinitionEdgeCases" name="test_rejects_duplicate_match_types" time="0.001" /><testcase classname="tests.test_alias_definition.TestParseAliasDefinitionEdgeCases" name="test_rejects_mismatched_options_brackets" time="0.001" /><testcase classname="tests.test_alias_definition.TestParseAliasDefinitionEdgeCases" name="test_rejects_missing_target_after_arrow" time="0.001" /><testcase classname="tests.test_alias_definition.TestParseAliasDefinitionEdgeCases" name="test_rejects_target_with_only_special_chars" time="0.001" /><testcase classname="tests.test_alias_definition.TestParseAliasDefinitionEdgeCases" name="test_rejects_text_after_options_bracket" time="0.001" /><testcase classname="tests.test_alias_definition.TestParseAliasDefinitionEdgeCases" name="test_rejects_unclosed_options_bracket" time="0.001" /><testcase classname="tests.test_alias_definition.TestParseAliasDefinitionEdgeCases" name="test_rejects_unknown_option" time="0.001" /><testcase classname="tests.test_alias_definition.TestParseAliasDefinitionEdgeCases" name="test_uses_alias_name_for_empty_pattern" time="0.001" /><testcase classname="tests.test_alias_import_definition_preservation.TestAliasImportDefinitionPreservation" name="test_prepare_alias_import_different_name_and_pattern" time="0.001" /><testcase classname="tests.test_alias_import_definition_preservation.TestAliasImportDefinitionPreservation" name="test_prepare_alias_import_multiline_definition" time="0.001" /><testcase classname="tests.test_alias_import_definition_preservation.TestAliasImportDefinitionPreservation" name="test_prepare_alias_import_preserves_glob_pattern" time="0.001" /><testcase classname="tests.test_alias_import_definition_preservation.TestAliasImportDefinitionPreservation" name="test_prepare_alias_import_preserves_literal_pattern" time="0.001" /><testcase classname="tests.test_alias_import_definition_preservation.TestAliasImportDefinitionPreservation" name="test_prepare_alias_import_preserves_literal_pattern_with_options" time="0.001" /><testcase classname="tests.test_alias_import_definition_preservation.TestAliasImportDefinitionPreservation" name="test_prepare_alias_import_preserves_regex_pattern" time="0.001" /><testcase classname="tests.test_alias_import_definition_preservation.TestAliasImportDefinitionPreservation" name="test_prepare_alias_import_preserves_root_pattern" time="0.001" /><testcase classname="tests.test_alias_model.TestAliasModel" name="test_complex_definition_with_options" time="0.002" /><testcase classname="tests.test_alias_model.TestAliasModel" name="test_flask_definition" time="0.001" /><testcase classname="tests.test_alias_model.TestAliasModel" name="test_get_effective_pattern" time="0.001" /><testcase classname="tests.test_alias_model.TestAliasModel" name="test_get_primary_ignore_case_enabled" time="0.001" /><testcase classname="tests.test_alias_model.TestAliasModel" name="test_get_primary_ignore_case_fallback" time="0.001" /><testcase classname="tests.test_alias_model.TestAliasModel" name="test_get_primary_ignore_case_simple_definition" time="0.001" /><testcase classname="tests.test_alias_model.TestAliasModel" name="test_get_primary_match_pattern_fallback" time="0.001" /><testcase classname="tests.test_alias_model.TestAliasModel" name="test_get_primary_match_pattern_glob" time="0.001" /><testcase classname="tests.test_alias_model.TestAliasModel" name="test_get_primary_match_pattern_simple_definition" time="0.001" /><testcase classname="tests.test_alias_model.TestAliasModel" name="test_get_primary_match_type_fallback" time="0.001" /><testcase classname="tests.test_alias_model.TestAliasModel" name="test_get_primary_match_type_glob" time="0.001" /><testcase classname="tests.test_alias_model.TestAliasModel" name="test_get_primary_match_type_simple_definition" time="0.001" /><testcase classname="tests.test_alias_model.TestAliasModel" name="test_get_primary_target_path_empty_name_fallback" time="0.001" /><testcase classname="tests.test_alias_model.TestAliasModel" name="test_get_primary_target_path_fallback" time="0.001" /><testcase classname="tests.test_alias_model.TestAliasModel" name="test_get_primary_target_path_simple_definition" time="0.001" /><testcase classname="tests.test_alias_model.TestAliasModel" name="test_get_primary_target_path_with_variable_reference" time="0.001" /><testcase classname="tests.test_alias_model.TestAliasModel" name="test_multi_line_definition_primary_extraction" time="0.002" /><testcase classname="tests.test_alias_model.TestAliasModel" name="test_regex_definition" time="0.001" /><testcase classname="tests.test_alias_model.TestAliasModel" name="test_repr_with_helper_methods" time="0.001" /><testcase classname="tests.test_alias_routes_integration.TestAliasRoutesIntegration" name="test_collect_routes_empty_definition" time="0.001" /><testcase classname="tests.test_alias_routes_integration.TestAliasRoutesIntegration" name="test_collect_routes_fallback_behavior" time="0.001" /><testcase classname="tests.test_alias_routes_integration.TestAliasRoutesIntegration" name="test_collect_routes_flask_alias" time="0.001" /><testcase classname="tests.test_alias_routes_integration.TestAliasRoutesIntegration" name="test_collect_routes_glob_alias" time="0.001" /><testcase classname="tests.test_alias_routes_integration.TestAliasRoutesIntegration" name="test_collect_routes_ignore_case_alias" time="0.001" /><testcase classname="tests.test_alias_routes_integration.TestAliasRoutesIntegration" name="test_collect_routes_multi_line_alias" time="0.001" /><testcase classname="tests.test_alias_routes_integration.TestAliasRoutesIntegration" name="test_collect_routes_regex_alias" time="0.001" /><testcase classname="tests.test_alias_routes_integration.TestAliasRoutesIntegration" name="test_collect_routes_rejects_external_target_fallback" time="0.001" /><testcase classname="tests.test_alias_routes_integration.TestAliasRoutesIntegration" name="test_collect_routes_simple_alias" time="0.001" /><testcase classname="tests.test_alias_routes_integration.TestAliasRoutesIntegration" name="test_collect_routes_substitutes_variables_in_pattern" time="0.001" /><testcase classname="tests.test_alias_routes_integration.TestAliasRoutesIntegration" name="test_collect_routes_substitutes_variables_in_target" time="0.001" /><testcase classname="tests.test_alias_routes_integration.TestAliasRoutesIntegration" name="test_collect_routes_with_multiple_variables" time="0.001" /><testcase classname="tests.test_alias_routing.TestAliasRouting" name="test_alias_definition_status_invalid_returns_error" time="0.041" /><testcase classname="tests.test_alias_routing.TestAliasRouting" name="test_alias_definition_status_valid_with_variables" time="0.043" /><testcase classname="tests.test_alias_routing.TestAliasRouting" name="test_alias_match_preview_endpoint" time="0.044" /><testcase classname="tests.test_alias_routing.TestAliasRouting" name="test_alias_match_preview_rejects_invalid_pattern" time="0.037" /><testcase classname="tests.test_alias_routing.TestAliasRouting" name="test_aliases_route_lists_aliases" time="0.062" /><testcase classname="tests.test_alias_routing.TestAliasRouting" name="test_aliases_route_lists_aliases_for_default_user" time="0.048" /><testcase classname="tests.test_alias_routing.TestAliasRouting" name="test_append_query_string_with_empty_query" time="0.036" /><testcase classname="tests.test_alias_routing.TestAliasRouting" name="test_create_alias_rejects_conflicting_route" time="0.084" /><testcase classname="tests.test_alias_routing.TestAliasRouting" name="test_create_alias_via_form" time="0.049" /><testcase classname="tests.test_alias_routing.TestAliasRouting" name="test_create_alias_with_glob_match_type" time="0.047" /><testcase classname="tests.test_alias_routing.TestAliasRouting" name="test_disabled_alias_not_matched" time="0.068" /><testcase classname="tests.test_alias_routing.TestAliasRouting" name="test_edit_alias_rejects_conflicting_route_name" time="0.050" /><testcase classname="tests.test_alias_routing.TestAliasRouting" name="test_edit_alias_updates_record" time="0.050" /><testcase classname="tests.test_alias_routing.TestAliasRouting" name="test_extract_alias_name_invalid_inputs" time="0.038" /><testcase classname="tests.test_alias_routing.TestAliasRouting" name="test_is_potential_alias_path" time="0.035" /><testcase classname="tests.test_alias_routing.TestAliasRouting" name="test_is_relative_target_filters_disallowed_forms" time="0.035" /><testcase classname="tests.test_alias_routing.TestAliasRouting" name="test_new_alias_prefills_fields_from_query_parameters" time="0.046" /><testcase classname="tests.test_alias_routing.TestAliasRouting" name="test_new_alias_prefills_name_from_path_query" time="0.045" /><testcase classname="tests.test_alias_routing.TestAliasRouting" name="test_not_found_handler_uses_alias" time="0.067" /><testcase classname="tests.test_alias_routing.TestAliasRouting" name="test_reenabled_alias_matches_requests" time="0.086" /><testcase classname="tests.test_alias_routing.TestAliasRouting" name="test_try_alias_redirect_checks_subsequent_declarations" time="0.083" /><testcase classname="tests.test_alias_routing.TestAliasRouting" name="test_try_alias_redirect_combines_existing_query_and_fragment" time="0.066" /><testcase classname="tests.test_alias_routing.TestAliasRouting" name="test_try_alias_redirect_flask_pattern" time="0.071" /><testcase classname="tests.test_alias_routing.TestAliasRouting" name="test_try_alias_redirect_glob_pattern" time="0.065" /><testcase classname="tests.test_alias_routing.TestAliasRouting" name="test_try_alias_redirect_glob_pattern_expands_wildcard" time="0.066" /><testcase classname="tests.test_alias_routing.TestAliasRouting" name="test_try_alias_redirect_glob_pattern_ignore_case" time="0.067" /><testcase classname="tests.test_alias_routing.TestAliasRouting" name="test_try_alias_redirect_glob_pattern_multiple_wildcards" time="0.067" /><testcase classname="tests.test_alias_routing.TestAliasRouting" name="test_try_alias_redirect_literal_does_not_match_subpath" time="0.065" /><testcase classname="tests.test_alias_routing.TestAliasRouting" name="test_try_alias_redirect_literal_ignore_case" time="0.063" /><testcase classname="tests.test_alias_routing.TestAliasRouting" name="test_try_alias_redirect_nested_alias_definition" time="0.081" /><testcase classname="tests.test_alias_routing.TestAliasRouting" name="test_try_alias_redirect_prefers_glob_over_literal_for_subpaths" time="0.065" /><testcase classname="tests.test_alias_routing.TestAliasRouting" name="test_try_alias_redirect_preserves_method_for_post" time="0.064" /><testcase classname="tests.test_alias_routing.TestAliasRouting" name="test_try_alias_redirect_preserves_query" time="0.064" /><testcase classname="tests.test_alias_routing.TestAliasRouting" name="test_try_alias_redirect_regex_pattern" time="0.064" /><testcase classname="tests.test_alias_routing.TestAliasRouting" name="test_try_alias_redirect_rejects_non_relative_target" time="0.067" /><testcase classname="tests.test_alias_routing.TestAliasRouting" name="test_try_alias_redirect_requires_alias_name" time="0.062" /><testcase classname="tests.test_alias_routing.TestAliasRouting" name="test_try_alias_redirect_success" time="0.065" /><testcase classname="tests.test_alias_routing.TestAliasRouting" name="test_try_alias_redirect_uses_first_matching_declaration" time="0.064" /><testcase classname="tests.test_alias_routing.TestAliasRouting" name="test_try_alias_redirect_without_alias_returns_none" time="0.061" /><testcase classname="tests.test_alias_routing.TestAliasRouting" name="test_view_alias_displays_nested_alias_paths" time="0.052" /><testcase classname="tests.test_alias_routing.TestAliasRouting" name="test_view_alias_page" time="0.053" /><testcase classname="tests.test_alias_view_definition_targets.TestAliasDefinitionTargetRendering" name="test_describe_target_path_handles_aliases" time="0.217" /><testcase classname="tests.test_alias_view_definition_targets.TestAliasDefinitionTargetRendering" name="test_describe_target_path_handles_cids" time="0.216" /><testcase classname="tests.test_alias_view_definition_targets.TestAliasDefinitionTargetRendering" name="test_describe_target_path_handles_cids_with_prefix" time="0.217" /><testcase classname="tests.test_alias_view_definition_targets.TestAliasDefinitionTargetRendering" name="test_describe_target_path_handles_generic_paths" time="0.217" /><testcase classname="tests.test_alias_view_definition_targets.TestAliasDefinitionTargetRendering" name="test_describe_target_path_handles_servers" time="0.217" /><testcase classname="tests.test_analytics.TestAnalytics" name="test_create_page_view_record_reflects_request_details" time="0.037" /><testcase classname="tests.test_analytics.TestAnalytics" name="test_get_history_statistics" time="0.050" /><testcase classname="tests.test_analytics.TestAnalytics" name="test_get_paginated_page_views_orders_recent_first" time="0.043" /><testcase classname="tests.test_analytics.TestAnalytics" name="test_make_session_permanent_marks_session" time="0.036" /><testcase classname="tests.test_analytics.TestAnalytics" name="test_should_track_page_view_accepts_standard_requests" time="0.035" /><testcase classname="tests.test_analytics.TestAnalytics" name="test_should_track_page_view_requires_success_status" time="0.034" /><testcase classname="tests.test_analytics.TestAnalytics" name="test_should_track_page_view_skips_static_and_ajax_requests" time="0.037" /><testcase classname="tests.test_analytics.TestAnalytics" name="test_track_page_view_persists_record" time="0.038" /><testcase classname="tests.test_analytics.TestAnalytics" name="test_track_page_view_rolls_back_on_error" time="0.037" /><testcase classname="tests.test_app_startup" name="test_create_app_serves_homepage" time="0.682" /><testcase classname="tests.test_app_startup" name="test_create_app_uses_fallback_secret_key_when_session_secret_empty" time="0.240" /><testcase classname="tests.test_app_startup" name="test_create_app_handles_logfire_configuration_errors" time="0.314" /><testcase classname="tests.test_app_startup" name="test_create_app_handles_logfire_instrumentation_errors" time="0.313" /><testcase classname="tests.test_app_startup" name="test_create_app_creates_alias_definition_column" time="0.319" /><testcase classname="tests.test_app_startup" name="test_create_app_loads_cids_from_directory" time="0.246" /><testcase classname="tests.test_app_startup" name="test_create_app_exits_on_cid_mismatch" time="0.694" /><testcase classname="tests.test_artifacts" name="test_render_browser_screenshot_disables_signal_handlers" time="0.002" /><testcase classname="tests.test_artifacts" name="test_render_browser_screenshot_supports_legacy_setcontent" time="0.002" /><testcase classname="tests.test_artifacts" name="test_render_browser_screenshot_falls_back_when_launch_fails" time="0.001" /><testcase classname="tests.test_artifacts" name="test_attach_response_snapshot_generates_text_preview_for_non_html" time="0.023" /><testcase classname="tests.test_authorization.TestAuthorizationResult" name="test_allowed_result" time="0.001" /><testcase classname="tests.test_authorization.TestAuthorizationResult" name="test_rejected_result_with_401" time="0.001" /><testcase classname="tests.test_authorization.TestAuthorizationResult" name="test_rejected_result_with_403" time="0.001" /><testcase classname="tests.test_authorization.TestAuthorizationResult" name="test_rejected_without_status_raises_error" time="0.002" /><testcase classname="tests.test_authorization.TestAuthorizationResult" name="test_rejected_without_message_raises_error" time="0.002" /><testcase classname="tests.test_authorization.TestAuthorizationResult" name="test_invalid_status_code_raises_error" time="0.002" /><testcase classname="tests.test_authorization.TestAuthorizeRequest" name="test_placeholder_allows_all_requests" time="0.222" /><testcase classname="tests.test_authorization.TestAuthorizeRequest" name="test_placeholder_allows_authenticated_paths" time="0.223" /><testcase classname="tests.test_authorization.TestAuthorizeRequest" name="test_placeholder_allows_api_requests" time="0.223" /><testcase classname="tests.test_authorization.TestAuthorizeRequest" name="test_placeholder_allows_admin_paths" time="0.221" /><testcase classname="tests.test_authorization_handler.TestCreateAuthorizationErrorResponse" name="test_json_error_response_401" time="0.222" /><testcase classname="tests.test_authorization_handler.TestCreateAuthorizationErrorResponse" name="test_json_error_response_403" time="0.223" /><testcase classname="tests.test_authorization_handler.TestCreateAuthorizationErrorResponse" name="test_text_error_response_401" time="0.224" /><testcase classname="tests.test_authorization_handler.TestCreateAuthorizationErrorResponse" name="test_text_error_response_403" time="0.223" /><testcase classname="tests.test_authorization_handler.TestCreateAuthorizationErrorResponse" name="test_html_error_response_401" time="0.262" /><testcase classname="tests.test_authorization_handler.TestCreateAuthorizationErrorResponse" name="test_html_error_response_403" time="0.261" /><testcase classname="tests.test_authorization_handler.TestCreateAuthorizationErrorResponse" name="test_api_path_returns_json_without_accept_header" time="0.221" /><testcase classname="tests.test_authorization_handler.TestCreateAuthorizationErrorResponse" name="test_raises_error_for_allowed_result" time="0.223" /><testcase classname="tests.test_authorization_integration.TestAuthorizationIntegration" name="test_successful_request_returns_200" time="0.295" /><testcase classname="tests.test_authorization_integration.TestAuthorizationIntegration" name="test_successful_api_request" time="0.400" /><testcase classname="tests.test_authorization_integration.TestAuthorizationIntegration" name="test_rejected_request_returns_401_html" time="0.261" /><testcase classname="tests.test_authorization_integration.TestAuthorizationIntegration" name="test_rejected_request_returns_403_html" time="0.263" /><testcase classname="tests.test_authorization_integration.TestAuthorizationIntegration" name="test_rejected_api_request_returns_json_401" time="0.224" /><testcase classname="tests.test_authorization_integration.TestAuthorizationIntegration" name="test_rejected_api_request_returns_json_403" time="0.682" /><testcase classname="tests.test_authorization_integration.TestAuthorizationIntegration" name="test_rejected_text_request_returns_plain_text" time="0.224" /><testcase classname="tests.test_authorization_integration.TestAuthorizationIntegration" name="test_post_request_authorization" time="0.223" /><testcase classname="tests.test_authorization_integration.TestAuthorizationIntegration" name="test_put_request_authorization" time="0.222" /><testcase classname="tests.test_authorization_integration.TestAuthorizationIntegration" name="test_delete_request_authorization" time="0.223" /><testcase classname="tests.test_authorization_integration.TestAuthorizationIntegration" name="test_multiple_successful_requests" time="0.314" /><testcase classname="tests.test_authorization_integration.TestAuthorizationIntegration" name="test_mixed_authorized_and_rejected_requests" time="0.304" /><testcase classname="tests.test_aws_signature" name="test_sign_request_basic" time="0.002" /><testcase classname="tests.test_aws_signature" name="test_sign_request_with_payload" time="0.001" /><testcase classname="tests.test_aws_signature" name="test_sign_request_with_query_params" time="0.001" /><testcase classname="tests.test_aws_signature" name="test_sign_request_with_session_token" time="0.001" /><testcase classname="tests.test_aws_signature" name="test_create_canonical_headers" time="0.001" /><testcase classname="tests.test_aws_signature" name="test_create_canonical_query_string_empty" time="0.001" /><testcase classname="tests.test_aws_signature" name="test_create_canonical_query_string_sorted" time="0.001" /><testcase classname="tests.test_aws_signature" name="test_get_signature_key" time="0.001" /><testcase classname="tests.test_aws_signature" name="test_sign_request_preserves_existing_headers" time="0.001" /><testcase classname="tests.test_aws_signature" name="test_sign_request_different_services" time="0.001" /><testcase classname="tests.test_azure_signature" name="test_sign_request_basic" time="0.002" /><testcase classname="tests.test_azure_signature" name="test_sign_request_with_content" time="0.001" /><testcase classname="tests.test_azure_signature" name="test_sign_request_with_custom_version" time="0.001" /><testcase classname="tests.test_azure_signature" name="test_sign_request_with_query_params" time="0.001" /><testcase classname="tests.test_azure_signature" name="test_build_canonicalized_headers" time="0.001" /><testcase classname="tests.test_azure_signature" name="test_build_canonicalized_headers_sorted" time="0.001" /><testcase classname="tests.test_azure_signature" name="test_build_canonicalized_resource_simple" time="0.001" /><testcase classname="tests.test_azure_signature" name="test_build_canonicalized_resource_with_query" time="0.001" /><testcase classname="tests.test_azure_signature" name="test_build_canonicalized_resource_query_sorted" time="0.001" /><testcase classname="tests.test_azure_signature" name="test_sign_request_preserves_existing_headers" time="0.001" /><testcase classname="tests.test_azure_signature" name="test_sign_request_different_methods" time="0.001" /><testcase classname="tests.test_bash_command_reference" name="test_bash_commands_doc_is_generated" time="0.002" /><testcase classname="tests.test_bash_command_reference" name="test_all_bash_command_definitions_exist" time="0.005" /><testcase classname="tests.test_bash_command_reference" name="test_boot_images_include_expected_commands" time="0.002" /><testcase classname="tests.test_bash_command_reference" name="test_doc_examples_match_direct_bash[awk-None-]" time="0.002" /><testcase classname="tests.test_bash_command_reference" name="test_doc_examples_match_direct_bash[awk---help-]" time="0.002" /><testcase classname="tests.test_bash_command_reference" name="test_doc_examples_match_direct_bash[awk-_-Hello World]" time="0.002" /><testcase classname="tests.test_bash_command_reference" name="test_doc_examples_match_direct_bash[base64-None-]" time="0.002" /><testcase classname="tests.test_bash_command_reference" name="test_doc_examples_match_direct_bash[base64---help-]" time="0.002" /><testcase classname="tests.test_bash_command_reference" name="test_doc_examples_match_direct_bash[base64-_-Hello World]" time="0.002" /><testcase classname="tests.test_bash_command_reference" name="test_doc_examples_match_direct_bash[basename-None-]" time="0.002" /><testcase classname="tests.test_bash_command_reference" name="test_doc_examples_match_direct_bash[basename---help-]" time="0.002" /><testcase classname="tests.test_bash_command_reference" name="test_doc_examples_match_direct_bash[basename-_-Hello World]" time="0.002" /><testcase classname="tests.test_bash_command_reference" name="test_doc_examples_match_direct_bash[bc-None-]" time="0.002" /><testcase classname="tests.test_bash_command_reference" name="test_doc_examples_match_direct_bash[bc---help-]" time="0.002" /><testcase classname="tests.test_bash_command_reference" name="test_doc_examples_match_direct_bash[bc-_-Hello World]" time="0.002" /><testcase classname="tests.test_bash_command_reference" name="test_doc_examples_match_direct_bash[bzip2-None-]" time="0.002" /><testcase classname="tests.test_bash_command_reference" name="test_doc_examples_match_direct_bash[bzip2---help-]" time="0.002" /><testcase classname="tests.test_bash_command_reference" name="test_doc_examples_match_direct_bash[bzip2-_-Hello World]" time="0.002" /><testcase classname="tests.test_bash_command_reference" name="test_doc_examples_match_direct_bash[cat-None-]" time="0.002" /><testcase classname="tests.test_bash_command_reference" name="test_doc_examples_match_direct_bash[cat---help-]" time="0.002" /><testcase classname="tests.test_bash_command_reference" name="test_doc_examples_match_direct_bash[cat-_-Hello World]" time="0.002" /><testcase classname="tests.test_bash_command_reference" name="test_doc_examples_match_direct_bash[column-None-]" time="0.002" /><testcase classname="tests.test_bash_command_reference" name="test_doc_examples_match_direct_bash[column---help-]" time="0.002" /><testcase classname="tests.test_bash_command_reference" name="test_doc_examples_match_direct_bash[column-_-Hello World]" time="0.002" /><testcase classname="tests.test_bash_command_reference" name="test_doc_examples_match_direct_bash[comm-None-]" time="0.002" /><testcase classname="tests.test_bash_command_reference" name="test_doc_examples_match_direct_bash[comm---help-]" time="0.002" /><testcase classname="tests.test_bash_command_reference" name="test_doc_examples_match_direct_bash[comm-_-Hello World]" time="0.002" /><testcase classname="tests.test_bash_command_reference" name="test_doc_examples_match_direct_bash[csvtool-None-]" time="0.003" /><testcase classname="tests.test_bash_command_reference" name="test_doc_examples_match_direct_bash[csvtool---help-]" time="0.002" /><testcase classname="tests.test_bash_command_reference" name="test_doc_examples_match_direct_bash[csvtool-_-Hello World]" time="0.002" /><testcase classname="tests.test_bash_command_reference" name="test_doc_examples_match_direct_bash[curl-None-]" time="0.002" /><testcase classname="tests.test_bash_command_reference" name="test_doc_examples_match_direct_bash[curl---help-]" time="0.002" /><testcase classname="tests.test_bash_command_reference" name="test_doc_examples_match_direct_bash[curl-_-Hello World]" time="0.002" /><testcase classname="tests.test_bash_command_reference" name="test_doc_examples_match_direct_bash[cut-None-]" time="0.002" /><testcase classname="tests.test_bash_command_reference" name="test_doc_examples_match_direct_bash[cut---help-]" time="0.002" /><testcase classname="tests.test_bash_command_reference" name="test_doc_examples_match_direct_bash[cut-_-Hello World]" time="0.002" /><testcase classname="tests.test_bash_command_reference" name="test_doc_examples_match_direct_bash[date-None-]" time="0.002" /><testcase classname="tests.test_bash_command_reference" name="test_doc_examples_match_direct_bash[date---help-]" time="0.002" /><testcase classname="tests.test_bash_command_reference" name="test_doc_examples_match_direct_bash[date-_-Hello World]" time="0.002" /><testcase classname="tests.test_bash_command_reference" name="test_doc_examples_match_direct_bash[df-None-]" time="0.002" /><testcase classname="tests.test_bash_command_reference" name="test_doc_examples_match_direct_bash[df---help-]" time="0.002" /><testcase classname="tests.test_bash_command_reference" name="test_doc_examples_match_direct_bash[df-_-Hello World]" time="0.002" /><testcase classname="tests.test_bash_command_reference" name="test_doc_examples_match_direct_bash[diff-None-]" time="0.002" /><testcase classname="tests.test_bash_command_reference" name="test_doc_examples_match_direct_bash[diff---help-]" time="0.002" /><testcase classname="tests.test_bash_command_reference" name="test_doc_examples_match_direct_bash[diff-_-Hello World]" time="0.002" /><testcase classname="tests.test_bash_command_reference" name="test_doc_examples_match_direct_bash[dig-None-]" time="0.002" /><testcase classname="tests.test_bash_command_reference" name="test_doc_examples_match_direct_bash[dig---help-]" time="0.002" /><testcase classname="tests.test_bash_command_reference" name="test_doc_examples_match_direct_bash[dig-_-Hello World]" time="0.002" /><testcase classname="tests.test_bash_command_reference" name="test_doc_examples_match_direct_bash[dirname-None-]" time="0.002" /><testcase classname="tests.test_bash_command_reference" name="test_doc_examples_match_direct_bash[dirname---help-]" time="0.002" /><testcase classname="tests.test_bash_command_reference" name="test_doc_examples_match_direct_bash[dirname-_-Hello World]" time="0.002" /><testcase classname="tests.test_bash_command_reference" name="test_doc_examples_match_direct_bash[dmesg-None-]" time="0.002" /><testcase classname="tests.test_bash_command_reference" name="test_doc_examples_match_direct_bash[dmesg---help-]" time="0.002" /><testcase classname="tests.test_bash_command_reference" name="test_doc_examples_match_direct_bash[dmesg-_-Hello World]" time="0.002" /><testcase classname="tests.test_bash_command_reference" name="test_doc_examples_match_direct_bash[docker-None-]" time="0.002" /><testcase classname="tests.test_bash_command_reference" name="test_doc_examples_match_direct_bash[docker---help-]" time="0.002" /><testcase classname="tests.test_bash_command_reference" name="test_doc_examples_match_direct_bash[docker-_-Hello World]" time="0.002" /><testcase classname="tests.test_bash_command_reference" name="test_doc_examples_match_direct_bash[du-None-]" time="0.002" /><testcase classname="tests.test_bash_command_reference" name="test_doc_examples_match_direct_bash[du---help-]" time="0.002" /><testcase classname="tests.test_bash_command_reference" name="test_doc_examples_match_direct_bash[du-_-Hello World]" time="0.002" /><testcase classname="tests.test_bash_command_reference" name="test_doc_examples_match_direct_bash[echo-None-]" time="0.002" /><testcase classname="tests.test_bash_command_reference" name="test_doc_examples_match_direct_bash[echo---help-]" time="0.002" /><testcase classname="tests.test_bash_command_reference" name="test_doc_examples_match_direct_bash[echo-_-Hello World]" time="0.002" /><testcase classname="tests.test_bash_command_reference" name="test_doc_examples_match_direct_bash[env-None-]" time="0.002" /><testcase classname="tests.test_bash_command_reference" name="test_doc_examples_match_direct_bash[env---help-]" time="0.002" /><testcase classname="tests.test_bash_command_reference" name="test_doc_examples_match_direct_bash[env-_-Hello World]" time="0.002" /><testcase classname="tests.test_bash_command_reference" name="test_doc_examples_match_direct_bash[expand-None-]" time="0.002" /><testcase classname="tests.test_bash_command_reference" name="test_doc_examples_match_direct_bash[expand---help-]" time="0.002" /><testcase classname="tests.test_bash_command_reference" name="test_doc_examples_match_direct_bash[expand-_-Hello World]" time="0.002" /><testcase classname="tests.test_bash_command_reference" name="test_doc_examples_match_direct_bash[expr-None-]" time="0.002" /><testcase classname="tests.test_bash_command_reference" name="test_doc_examples_match_direct_bash[expr---help-]" time="0.002" /><testcase classname="tests.test_bash_command_reference" name="test_doc_examples_match_direct_bash[expr-_-Hello World]" time="0.002" /><testcase classname="tests.test_bash_command_reference" name="test_doc_examples_match_direct_bash[file-None-]" time="0.002" /><testcase classname="tests.test_bash_command_reference" name="test_doc_examples_match_direct_bash[file---help-]" time="0.002" /><testcase classname="tests.test_bash_command_reference" name="test_doc_examples_match_direct_bash[file-_-Hello World]" time="0.002" /><testcase classname="tests.test_bash_command_reference" name="test_doc_examples_match_direct_bash[find-None-]" time="0.002" /><testcase classname="tests.test_bash_command_reference" name="test_doc_examples_match_direct_bash[find---help-]" time="0.002" /><testcase classname="tests.test_bash_command_reference" name="test_doc_examples_match_direct_bash[find-_-Hello World]" time="0.002" /><testcase classname="tests.test_bash_command_reference" name="test_doc_examples_match_direct_bash[fold-None-]" time="0.002" /><testcase classname="tests.test_bash_command_reference" name="test_doc_examples_match_direct_bash[fold---help-]" time="0.002" /><testcase classname="tests.test_bash_command_reference" name="test_doc_examples_match_direct_bash[fold-_-Hello World]" time="0.002" /><testcase classname="tests.test_bash_command_reference" name="test_doc_examples_match_direct_bash[free-None-]" time="0.002" /><testcase classname="tests.test_bash_command_reference" name="test_doc_examples_match_direct_bash[free---help-]" time="0.002" /><testcase classname="tests.test_bash_command_reference" name="test_doc_examples_match_direct_bash[free-_-Hello World]" time="0.002" /><testcase classname="tests.test_bash_command_reference" name="test_doc_examples_match_direct_bash[git-None-]" time="0.002" /><testcase classname="tests.test_bash_command_reference" name="test_doc_examples_match_direct_bash[git---help-]" time="0.002" /><testcase classname="tests.test_bash_command_reference" name="test_doc_examples_match_direct_bash[git-_-Hello World]" time="0.002" /><testcase classname="tests.test_bash_command_reference" name="test_doc_examples_match_direct_bash[grep-None-]" time="0.002" /><testcase classname="tests.test_bash_command_reference" name="test_doc_examples_match_direct_bash[grep---help-]" time="0.002" /><testcase classname="tests.test_bash_command_reference" name="test_doc_examples_match_direct_bash[grep-_-Hello World]" time="0.002" /><testcase classname="tests.test_bash_command_reference" name="test_doc_examples_match_direct_bash[gunzip-None-]" time="0.002" /><testcase classname="tests.test_bash_command_reference" name="test_doc_examples_match_direct_bash[gunzip---help-]" time="0.002" /><testcase classname="tests.test_bash_command_reference" name="test_doc_examples_match_direct_bash[gunzip-_-Hello World]" time="0.002" /><testcase classname="tests.test_bash_command_reference" name="test_doc_examples_match_direct_bash[gzip-None-]" time="0.002" /><testcase classname="tests.test_bash_command_reference" name="test_doc_examples_match_direct_bash[gzip---help-]" time="0.002" /><testcase classname="tests.test_bash_command_reference" name="test_doc_examples_match_direct_bash[gzip-_-Hello World]" time="0.002" /><testcase classname="tests.test_bash_command_reference" name="test_doc_examples_match_direct_bash[head-None-]" time="0.002" /><testcase classname="tests.test_bash_command_reference" name="test_doc_examples_match_direct_bash[head---help-]" time="0.002" /><testcase classname="tests.test_bash_command_reference" name="test_doc_examples_match_direct_bash[head-_-Hello World]" time="0.002" /><testcase classname="tests.test_bash_command_reference" name="test_doc_examples_match_direct_bash[hexdump-None-]" time="0.002" /><testcase classname="tests.test_bash_command_reference" name="test_doc_examples_match_direct_bash[hexdump---help-]" time="0.002" /><testcase classname="tests.test_bash_command_reference" name="test_doc_examples_match_direct_bash[hexdump-_-Hello World]" time="0.002" /><testcase classname="tests.test_bash_command_reference" name="test_doc_examples_match_direct_bash[host-None-]" time="0.002" /><testcase classname="tests.test_bash_command_reference" name="test_doc_examples_match_direct_bash[host---help-]" time="0.002" /><testcase classname="tests.test_bash_command_reference" name="test_doc_examples_match_direct_bash[host-_-Hello World]" time="0.002" /><testcase classname="tests.test_bash_command_reference" name="test_doc_examples_match_direct_bash[hostname-None-]" time="0.002" /><testcase classname="tests.test_bash_command_reference" name="test_doc_examples_match_direct_bash[hostname---help-]" time="0.002" /><testcase classname="tests.test_bash_command_reference" name="test_doc_examples_match_direct_bash[hostname-_-Hello World]" time="0.002" /><testcase classname="tests.test_bash_command_reference" name="test_doc_examples_match_direct_bash[id-None-]" time="0.002" /><testcase classname="tests.test_bash_command_reference" name="test_doc_examples_match_direct_bash[id---help-]" time="0.002" /><testcase classname="tests.test_bash_command_reference" name="test_doc_examples_match_direct_bash[id-_-Hello World]" time="0.002" /><testcase classname="tests.test_bash_command_reference" name="test_doc_examples_match_direct_bash[ifconfig-None-]" time="0.002" /><testcase classname="tests.test_bash_command_reference" name="test_doc_examples_match_direct_bash[ifconfig---help-]" time="0.002" /><testcase classname="tests.test_bash_command_reference" name="test_doc_examples_match_direct_bash[ifconfig-_-Hello World]" time="0.002" /><testcase classname="tests.test_bash_command_reference" name="test_doc_examples_match_direct_bash[ip-None-]" time="0.002" /><testcase classname="tests.test_bash_command_reference" name="test_doc_examples_match_direct_bash[ip---help-]" time="0.002" /><testcase classname="tests.test_bash_command_reference" name="test_doc_examples_match_direct_bash[ip-_-Hello World]" time="0.002" /><testcase classname="tests.test_bash_command_reference" name="test_doc_examples_match_direct_bash[jobs-None-]" time="0.002" /><testcase classname="tests.test_bash_command_reference" name="test_doc_examples_match_direct_bash[jobs---help-]" time="0.002" /><testcase classname="tests.test_bash_command_reference" name="test_doc_examples_match_direct_bash[jobs-_-Hello World]" time="0.002" /><testcase classname="tests.test_bash_command_reference" name="test_doc_examples_match_direct_bash[join-None-]" time="0.002" /><testcase classname="tests.test_bash_command_reference" name="test_doc_examples_match_direct_bash[join---help-]" time="0.002" /><testcase classname="tests.test_bash_command_reference" name="test_doc_examples_match_direct_bash[join-_-Hello World]" time="0.002" /><testcase classname="tests.test_bash_command_reference" name="test_doc_examples_match_direct_bash[jq-None-]" time="0.002" /><testcase classname="tests.test_bash_command_reference" name="test_doc_examples_match_direct_bash[jq---help-]" time="0.002" /><testcase classname="tests.test_bash_command_reference" name="test_doc_examples_match_direct_bash[jq-_-Hello World]" time="0.002" /><testcase classname="tests.test_bash_command_reference" name="test_doc_examples_match_direct_bash[journalctl-None-]" time="0.002" /><testcase classname="tests.test_bash_command_reference" name="test_doc_examples_match_direct_bash[journalctl---help-]" time="0.002" /><testcase classname="tests.test_bash_command_reference" name="test_doc_examples_match_direct_bash[journalctl-_-Hello World]" time="0.002" /><testcase classname="tests.test_bash_command_reference" name="test_doc_examples_match_direct_bash[kubectl-None-]" time="0.002" /><testcase classname="tests.test_bash_command_reference" name="test_doc_examples_match_direct_bash[kubectl---help-]" time="0.002" /><testcase classname="tests.test_bash_command_reference" name="test_doc_examples_match_direct_bash[kubectl-_-Hello World]" time="0.002" /><testcase classname="tests.test_bash_command_reference" name="test_doc_examples_match_direct_bash[ls-None-]" time="0.002" /><testcase classname="tests.test_bash_command_reference" name="test_doc_examples_match_direct_bash[ls---help-]" time="0.002" /><testcase classname="tests.test_bash_command_reference" name="test_doc_examples_match_direct_bash[ls-_-Hello World]" time="0.002" /><testcase classname="tests.test_bash_command_reference" name="test_doc_examples_match_direct_bash[md5sum-None-]" time="0.002" /><testcase classname="tests.test_bash_command_reference" name="test_doc_examples_match_direct_bash[md5sum---help-]" time="0.002" /><testcase classname="tests.test_bash_command_reference" name="test_doc_examples_match_direct_bash[md5sum-_-Hello World]" time="0.002" /><testcase classname="tests.test_bash_command_reference" name="test_doc_examples_match_direct_bash[mktemp-None-]" time="0.002" /><testcase classname="tests.test_bash_command_reference" name="test_doc_examples_match_direct_bash[mktemp---help-]" time="0.002" /><testcase classname="tests.test_bash_command_reference" name="test_doc_examples_match_direct_bash[mktemp-_-Hello World]" time="0.002" /><testcase classname="tests.test_bash_command_reference" name="test_doc_examples_match_direct_bash[netstat-None-]" time="0.002" /><testcase classname="tests.test_bash_command_reference" name="test_doc_examples_match_direct_bash[netstat---help-]" time="0.002" /><testcase classname="tests.test_bash_command_reference" name="test_doc_examples_match_direct_bash[netstat-_-Hello World]" time="0.002" /><testcase classname="tests.test_bash_command_reference" name="test_doc_examples_match_direct_bash[nl-None-]" time="0.002" /><testcase classname="tests.test_bash_command_reference" name="test_doc_examples_match_direct_bash[nl---help-]" time="0.002" /><testcase classname="tests.test_bash_command_reference" name="test_doc_examples_match_direct_bash[nl-_-Hello World]" time="0.002" /><testcase classname="tests.test_bash_command_reference" name="test_doc_examples_match_direct_bash[nslookup-None-]" time="0.002" /><testcase classname="tests.test_bash_command_reference" name="test_doc_examples_match_direct_bash[nslookup---help-]" time="0.002" /><testcase classname="tests.test_bash_command_reference" name="test_doc_examples_match_direct_bash[nslookup-_-Hello World]" time="0.002" /><testcase classname="tests.test_bash_command_reference" name="test_doc_examples_match_direct_bash[od-None-]" time="0.002" /><testcase classname="tests.test_bash_command_reference" name="test_doc_examples_match_direct_bash[od---help-]" time="0.002" /><testcase classname="tests.test_bash_command_reference" name="test_doc_examples_match_direct_bash[od-_-Hello World]" time="0.002" /><testcase classname="tests.test_bash_command_reference" name="test_doc_examples_match_direct_bash[paste-None-]" time="0.002" /><testcase classname="tests.test_bash_command_reference" name="test_doc_examples_match_direct_bash[paste---help-]" time="0.002" /><testcase classname="tests.test_bash_command_reference" name="test_doc_examples_match_direct_bash[paste-_-Hello World]" time="0.002" /><testcase classname="tests.test_bash_command_reference" name="test_doc_examples_match_direct_bash[perl-None-]" time="0.002" /><testcase classname="tests.test_bash_command_reference" name="test_doc_examples_match_direct_bash[perl---help-]" time="0.002" /><testcase classname="tests.test_bash_command_reference" name="test_doc_examples_match_direct_bash[perl-_-Hello World]" time="0.002" /><testcase classname="tests.test_bash_command_reference" name="test_doc_examples_match_direct_bash[pgrep-None-]" time="0.002" /><testcase classname="tests.test_bash_command_reference" name="test_doc_examples_match_direct_bash[pgrep---help-]" time="0.002" /><testcase classname="tests.test_bash_command_reference" name="test_doc_examples_match_direct_bash[pgrep-_-Hello World]" time="0.002" /><testcase classname="tests.test_bash_command_reference" name="test_doc_examples_match_direct_bash[ping-None-]" time="0.002" /><testcase classname="tests.test_bash_command_reference" name="test_doc_examples_match_direct_bash[ping---help-]" time="0.002" /><testcase classname="tests.test_bash_command_reference" name="test_doc_examples_match_direct_bash[ping-_-Hello World]" time="0.002" /><testcase classname="tests.test_bash_command_reference" name="test_doc_examples_match_direct_bash[printenv-None-]" time="0.002" /><testcase classname="tests.test_bash_command_reference" name="test_doc_examples_match_direct_bash[printenv---help-]" time="0.002" /><testcase classname="tests.test_bash_command_reference" name="test_doc_examples_match_direct_bash[printenv-_-Hello World]" time="0.002" /><testcase classname="tests.test_bash_command_reference" name="test_doc_examples_match_direct_bash[printf-None-]" time="0.002" /><testcase classname="tests.test_bash_command_reference" name="test_doc_examples_match_direct_bash[printf---help-]" time="0.002" /><testcase classname="tests.test_bash_command_reference" name="test_doc_examples_match_direct_bash[printf-_-Hello World]" time="0.002" /><testcase classname="tests.test_bash_command_reference" name="test_doc_examples_match_direct_bash[ps-None-]" time="0.002" /><testcase classname="tests.test_bash_command_reference" name="test_doc_examples_match_direct_bash[ps---help-]" time="0.002" /><testcase classname="tests.test_bash_command_reference" name="test_doc_examples_match_direct_bash[ps-_-Hello World]" time="0.002" /><testcase classname="tests.test_bash_command_reference" name="test_doc_examples_match_direct_bash[pwd-None-]" time="0.002" /><testcase classname="tests.test_bash_command_reference" name="test_doc_examples_match_direct_bash[pwd---help-]" time="0.002" /><testcase classname="tests.test_bash_command_reference" name="test_doc_examples_match_direct_bash[pwd-_-Hello World]" time="0.002" /><testcase classname="tests.test_bash_command_reference" name="test_doc_examples_match_direct_bash[python-None-]" time="0.002" /><testcase classname="tests.test_bash_command_reference" name="test_doc_examples_match_direct_bash[python---help-]" time="0.002" /><testcase classname="tests.test_bash_command_reference" name="test_doc_examples_match_direct_bash[python-_-Hello World]" time="0.002" /><testcase classname="tests.test_bash_command_reference" name="test_doc_examples_match_direct_bash[readlink-None-]" time="0.002" /><testcase classname="tests.test_bash_command_reference" name="test_doc_examples_match_direct_bash[readlink---help-]" time="0.002" /><testcase classname="tests.test_bash_command_reference" name="test_doc_examples_match_direct_bash[readlink-_-Hello World]" time="0.002" /><testcase classname="tests.test_bash_command_reference" name="test_doc_examples_match_direct_bash[realpath-None-]" time="0.002" /><testcase classname="tests.test_bash_command_reference" name="test_doc_examples_match_direct_bash[realpath---help-]" time="0.002" /><testcase classname="tests.test_bash_command_reference" name="test_doc_examples_match_direct_bash[realpath-_-Hello World]" time="0.002" /><testcase classname="te
[...]
case classname="tests.test_text_function_runner.TestRunTextFunction" name="test_extra_globals" time="0.002" /><testcase classname="tests.test_text_function_runner.TestRunTextFunction" name="test_hash_len_parameter" time="0.002" /><testcase classname="tests.test_text_function_runner.TestRunTextFunction" name="test_load_raises_for_missing_records" time="0.002" /><testcase classname="tests.test_text_function_runner.TestRunTextFunction" name="test_load_returns_text_content" time="0.002" /><testcase classname="tests.test_text_function_runner.TestRunTextFunction" name="test_load_supports_binary_mode" time="0.002" /><testcase classname="tests.test_text_function_runner.TestRunTextFunction" name="test_multiple_lines" time="0.002" /><testcase classname="tests.test_text_function_runner.TestRunTextFunction" name="test_no_return_statement" time="0.002" /><testcase classname="tests.test_text_function_runner.TestRunTextFunction" name="test_param_order_missing_arguments" time="0.002" /><testcase classname="tests.test_text_function_runner.TestRunTextFunction" name="test_param_order_none_uses_sorted_keys" time="0.002" /><testcase classname="tests.test_text_function_runner.TestRunTextFunction" name="test_param_order_specified" time="0.002" /><testcase classname="tests.test_text_function_runner.TestRunTextFunction" name="test_save_allows_preencoded_bytes" time="0.002" /><testcase classname="tests.test_text_function_runner.TestRunTextFunction" name="test_save_coerces_non_text_values_to_bytes" time="0.002" /><testcase classname="tests.test_text_function_runner.TestRunTextFunction" name="test_save_stores_content" time="0.002" /><testcase classname="tests.test_text_function_runner.TestRunTextFunction" name="test_save_stores_content_directly" time="0.002" /><testcase classname="tests.test_text_function_runner.TestRunTextFunction" name="test_save_stores_content_successfully" time="0.002" /><testcase classname="tests.test_text_function_runner.TestRunTextFunction" name="test_save_stores_message_bytes" time="0.002" /><testcase classname="tests.test_text_function_runner.TestRunTextFunction" name="test_type_error_argmap_not_dict" time="0.002" /><testcase classname="tests.test_text_function_runner.TestRunTextFunction" name="test_type_error_body_text_not_string" time="0.002" /><testcase classname="tests.test_text_function_runner.TestRunTextFunction" name="test_typing_aliases_available_without_import" time="0.002" /><testcase classname="tests.test_tldr_response_transform" name="test_normalize_tldr_terminal_output_strips_ansi_sequences" time="0.001" /><testcase classname="tests.test_tldr_response_transform" name="test_normalize_tldr_terminal_output_handles_backspaces" time="0.001" /><testcase classname="tests.test_tldr_response_transform" name="test_format_command_linkifies_pipeline_commands" time="0.003" /><testcase classname="tests.test_typescript_server_execution" name="test_typescript_literal_chains_into_python_literal" time="0.004" /><testcase classname="tests.test_typescript_server_execution" name="test_typescript_literal_chains_into_bash_literal" time="0.002" /><testcase classname="tests.test_typescript_server_execution" name="test_typescript_literal_chains_into_typescript_literal" time="0.002" /><testcase classname="tests.test_typescript_server_execution" name="test_typescript_server_consumes_python_input" time="0.003" /><testcase classname="tests.test_typescript_server_execution" name="test_typescript_server_consumes_bash_input" time="0.002" /><testcase classname="tests.test_typescript_server_execution" name="test_typescript_server_consumes_typescript_input" time="0.002" /><testcase classname="tests.test_typescript_server_execution" name="test_named_typescript_server_receives_python_input" time="0.003" /><testcase classname="tests.test_typescript_server_execution" name="test_python_literal_extracts_output_from_typescript_json" time="0.003" /><testcase classname="tests.test_typescript_server_execution" name="test_typescript_literal_without_extension_executes" time="0.002" /><testcase classname="tests.test_typescript_server_execution" name="test_typescript_literal_with_extension_executes" time="0.002" /><testcase classname="tests.test_ui_manager.TestUIManager" name="test_get_ui_count_for_entity" time="0.042" /><testcase classname="tests.test_ui_manager.TestUIManager" name="test_get_uis_config_cid_reference" time="0.041" /><testcase classname="tests.test_ui_manager.TestUIManager" name="test_get_uis_config_cid_with_slash" time="0.041" /><testcase classname="tests.test_ui_manager.TestUIManager" name="test_get_uis_config_direct_json" time="0.040" /><testcase classname="tests.test_ui_manager.TestUIManager" name="test_get_uis_config_empty_variable" time="0.039" /><testcase classname="tests.test_ui_manager.TestUIManager" name="test_get_uis_config_invalid_json" time="0.039" /><testcase classname="tests.test_ui_manager.TestUIManager" name="test_get_uis_config_no_variable" time="0.038" /><testcase classname="tests.test_ui_manager.TestUIManager" name="test_get_uis_for_entity_existing" time="0.038" /><testcase classname="tests.test_ui_manager.TestUIManager" name="test_get_uis_for_entity_invalid_type" time="0.036" /><testcase classname="tests.test_ui_manager.TestUIManager" name="test_get_uis_for_entity_no_config" time="0.038" /><testcase classname="tests.test_ui_manager.TestUIManager" name="test_get_uis_for_entity_not_found" time="0.039" /><testcase classname="tests.test_ui_manager.TestUIManager" name="test_get_uis_for_entity_servers" time="0.040" /><testcase classname="tests.test_ui_manager.TestUIManager" name="test_get_uis_for_entity_variables" time="0.038" /><testcase classname="tests.test_ui_manager.TestUIManager" name="test_get_uis_status_no_uis" time="0.036" /><testcase classname="tests.test_ui_manager.TestUIManager" name="test_get_uis_status_valid_uis" time="0.039" /><testcase classname="tests.test_ui_manager.TestUIManager" name="test_validate_uis_json_empty" time="0.037" /><testcase classname="tests.test_ui_manager.TestUIManager" name="test_validate_uis_json_empty_object" time="0.034" /><testcase classname="tests.test_ui_manager.TestUIManager" name="test_validate_uis_json_entity_type_not_dict" time="0.036" /><testcase classname="tests.test_ui_manager.TestUIManager" name="test_validate_uis_json_invalid_json" time="0.035" /><testcase classname="tests.test_ui_manager.TestUIManager" name="test_validate_uis_json_not_dict" time="0.036" /><testcase classname="tests.test_ui_manager.TestUIManager" name="test_validate_uis_json_partial_entity_types" time="0.037" /><testcase classname="tests.test_ui_manager.TestUIManager" name="test_validate_uis_json_ui_missing_name" time="0.036" /><testcase classname="tests.test_ui_manager.TestUIManager" name="test_validate_uis_json_ui_missing_path" time="0.037" /><testcase classname="tests.test_ui_manager.TestUIManager" name="test_validate_uis_json_uis_not_array" time="0.037" /><testcase classname="tests.test_ui_manager.TestUIManager" name="test_validate_uis_json_valid" time="0.037" /><testcase classname="tests.test_ui_status.TestUIStatus" name="test_generate_ui_suggestions_label_multiple_uis" time="0.041" /><testcase classname="tests.test_ui_status.TestUIStatus" name="test_generate_ui_suggestions_label_no_uis" time="0.036" /><testcase classname="tests.test_ui_status.TestUIStatus" name="test_generate_ui_suggestions_label_one_ui" time="0.037" /><testcase classname="tests.test_ui_status.TestUIStatus" name="test_get_ui_suggestions_info_no_uis" time="0.037" /><testcase classname="tests.test_ui_status.TestUIStatus" name="test_get_ui_suggestions_info_nonexistent_entity" time="0.041" /><testcase classname="tests.test_ui_status.TestUIStatus" name="test_get_ui_suggestions_info_single_ui" time="0.039" /><testcase classname="tests.test_ui_status.TestUIStatus" name="test_get_ui_suggestions_info_with_uis" time="0.039" /><testcase classname="tests.test_upload_extensions.TestUploadExtensions" name="test_assign_cid_creates_new_variable" time="0.288" /><testcase classname="tests.test_upload_extensions.TestUploadExtensions" name="test_assign_cid_updates_existing_variable" time="0.293" /><testcase classname="tests.test_upload_extensions.TestUploadExtensions" name="test_process_file_upload_handles_no_filename" time="0.223" /><testcase classname="tests.test_upload_extensions.TestUploadExtensions" name="test_process_file_upload_returns_filename" time="0.221" /><testcase classname="tests.test_upload_extensions.TestUploadExtensions" name="test_upload_file_handles_no_extension" time="0.285" /><testcase classname="tests.test_upload_extensions.TestUploadExtensions" name="test_upload_file_preserves_original_extension" time="0.285" /><testcase classname="tests.test_upload_extensions.TestUploadExtensions" name="test_upload_success_includes_variable_assignment_form" time="0.277" /><testcase classname="tests.test_upload_extensions.TestUploadExtensions" name="test_upload_text_gets_txt_extension" time="0.276" /><testcase classname="tests.test_upload_handlers.TestConstants" name="test_constants_defined" time="0.001" /><testcase classname="tests.test_upload_handlers.TestProcessFileUpload" name="test_process_file_upload_with_filename" time="0.001" /><testcase classname="tests.test_upload_handlers.TestProcessFileUpload" name="test_process_file_upload_without_filename" time="0.001" /><testcase classname="tests.test_upload_handlers.TestProcessTextUpload" name="test_process_text_upload" time="0.001" /><testcase classname="tests.test_upload_handlers.TestProcessTextUpload" name="test_process_text_upload_unicode" time="0.001" /><testcase classname="tests.test_upload_handlers.TestProcessURLUpload" name="test_process_url_upload_generates_filename" time="0.002" /><testcase classname="tests.test_upload_handlers.TestProcessURLUpload" name="test_process_url_upload_large_file_header" time="0.001" /><testcase classname="tests.test_upload_handlers.TestProcessURLUpload" name="test_process_url_upload_large_file_streaming" time="0.014" /><testcase classname="tests.test_upload_handlers.TestProcessURLUpload" name="test_process_url_upload_network_error" time="0.001" /><testcase classname="tests.test_upload_handlers.TestProcessURLUpload" name="test_process_url_upload_strips_url" time="0.001" /><testcase classname="tests.test_upload_handlers.TestProcessURLUpload" name="test_process_url_upload_success" time="0.002" /><testcase classname="tests.test_upload_handlers.TestProcessURLUpload" name="test_process_url_upload_without_filename" time="0.002" /><testcase classname="tests.test_urleditor.TestURLEditorServerBasics" name="test_main_function_exists" time="0.002" /><testcase classname="tests.test_urleditor.TestURLEditorServerBasics" name="test_main_returns_html_by_default" time="0.002" /><testcase classname="tests.test_urleditor.TestURLEditorServerBasics" name="test_main_rejects_chained_input" time="0.002" /><testcase classname="tests.test_urleditor.TestURLEditorServerBasics" name="test_main_accepts_none_input" time="0.002" /><testcase classname="tests.test_urleditor.TestURLEditorHelperFunctions" name="test_should_redirect_returns_false_for_root" time="0.002" /><testcase classname="tests.test_urleditor.TestURLEditorHelperFunctions" name="test_should_redirect_returns_false_for_empty" time="0.002" /><testcase classname="tests.test_urleditor.TestURLEditorHelperFunctions" name="test_should_redirect_returns_true_for_subpath" time="0.002" /><testcase classname="tests.test_urleditor.TestURLEditorHelperFunctions" name="test_get_html_page_returns_html" time="0.002" /><testcase classname="tests.test_urleditor.TestURLEditorHelperFunctions" name="test_get_html_page_includes_ace_editor" time="0.002" /><testcase classname="tests.test_urleditor.TestURLEditorHelperFunctions" name="test_get_html_page_escapes_initial_url" time="0.002" /><testcase classname="tests.test_urleditor.TestURLEditorWithRequest" name="test_main_with_urleditor_path" time="0.002" /><testcase classname="tests.test_urleditor.TestURLEditorWithRequest" name="test_main_with_subpath_redirects" time="0.002" /><testcase classname="tests.test_urleditor.TestURLEditorWithRequest" name="test_main_with_complex_subpath_redirects" time="0.002" /><testcase classname="tests.test_urleditor.TestURLEditorMetaLinks" name="test_meta_links_point_to_history_and_server_events" time="0.003" /><testcase classname="tests.test_validate_cids.TestValidateCids" name="test_validate_cids_empty_directory" time="0.001" /><testcase classname="tests.test_validate_cids.TestValidateCids" name="test_validate_cids_mixed" time="0.002" /><testcase classname="tests.test_validate_cids.TestValidateCids" name="test_validate_cids_with_long_filename" time="0.001" /><testcase classname="tests.test_validate_cids.TestValidateCids" name="test_validate_cids_with_mismatch" time="0.001" /><testcase classname="tests.test_validate_cids.TestValidateCids" name="test_validate_cids_with_short_filename" time="0.002" /><testcase classname="tests.test_validate_github_pages" name="test_extract_git_sha_finds_valid_sha" time="0.004" /><testcase classname="tests.test_validate_github_pages" name="test_extract_git_sha_returns_none_for_missing_sha" time="0.001" /><testcase classname="tests.test_validate_github_pages" name="test_extract_git_sha_returns_none_for_short_sha" time="0.001" /><testcase classname="tests.test_validate_github_pages" name="test_extract_git_sha_returns_none_for_invalid_chars" time="0.001" /><testcase classname="tests.test_validate_github_pages" name="test_validation_result_creation" time="0.001" /><testcase classname="tests.test_validate_import_export_integration.TestMainFunction" name="test_main_with_no_modules" time="0.002" /><testcase classname="tests.test_validate_import_export_integration.TestMainFunction" name="test_main_with_valid_structure" time="0.003" /><testcase classname="tests.test_validate_import_export_integration.TestMainFunction" name="test_main_with_syntax_error" time="0.002" /><testcase classname="tests.test_validate_import_export_integration.TestRealWorldScenarios" name="test_validate_refactored_module_structure" time="0.003" /><testcase classname="tests.test_validate_import_export_integration.TestRealWorldScenarios" name="test_detect_accidental_circular_imports" time="0.002" /><testcase classname="tests.test_validate_import_export_integration.TestRealWorldScenarios" name="test_validate_large_module_detection" time="0.004" /><testcase classname="tests.test_validate_import_export_integration.TestRealWorldScenarios" name="test_backward_compatibility_validation_workflow" time="0.002" /><testcase classname="tests.test_validate_import_export_integration.TestEdgeCases" name="test_empty_python_file" time="0.001" /><testcase classname="tests.test_validate_import_export_integration.TestEdgeCases" name="test_module_with_only_comments" time="0.001" /><testcase classname="tests.test_validate_import_export_integration.TestEdgeCases" name="test_module_with_encoding_declaration" time="0.001" /><testcase classname="tests.test_validate_import_export_integration.TestEdgeCases" name="test_nested_module_structure" time="0.003" /><testcase classname="tests.test_validate_import_export_integration.TestEdgeCases" name="test_import_structure_validation_with_complex_rules" time="0.001" /><testcase classname="tests.test_validate_import_export_integration.TestValidationReporting" name="test_validation_details_are_comprehensive" time="0.002" /><testcase classname="tests.test_validate_import_export_integration.TestValidationReporting" name="test_error_details_include_context" time="0.001" /><testcase classname="tests.test_validate_import_export_integration.TestPerformance" name="test_handles_many_small_modules" time="0.015" /><testcase classname="tests.test_validate_import_export_integration.TestPerformance" name="test_handles_very_large_module" time="0.003" /><testcase classname="tests.test_variable_definitions_cid.TestVariableDefinitionsCID" name="test_cid_content_deterministic" time="0.264" /><testcase classname="tests.test_variable_definitions_cid.TestVariableDefinitionsCID" name="test_cid_uniqueness_per_content" time="0.258" /><testcase classname="tests.test_variable_definitions_cid.TestVariableDefinitionsCID" name="test_generate_all_variable_definitions_json_empty" time="0.258" /><testcase classname="tests.test_variable_definitions_cid.TestVariableDefinitionsCID" name="test_generate_all_variable_definitions_json_sorted" time="0.257" /><testcase classname="tests.test_variable_definitions_cid.TestVariableDefinitionsCID" name="test_generate_all_variable_definitions_json_with_variables" time="0.256" /><testcase classname="tests.test_variable_definitions_cid.TestVariableDefinitionsCID" name="test_get_current_variable_definitions_cid_create_if_missing" time="0.255" /><testcase classname="tests.test_variable_definitions_cid.TestVariableDefinitionsCID" name="test_get_current_variable_definitions_cid_existing" time="0.255" /><testcase classname="tests.test_variable_definitions_cid.TestVariableDefinitionsCID" name="test_store_variable_definitions_cid" time="0.256" /><testcase classname="tests.test_variable_definitions_cid.TestVariableDefinitionsCID" name="test_store_variable_definitions_cid_deduplication" time="0.257" /><testcase classname="tests.test_variable_definitions_cid.TestVariableDefinitionsCID" name="test_update_variable_definitions_cid" time="0.265" /><testcase classname="tests.test_variables_resolution" name="test_describe_route_resolution_includes_methods_and_rule" time="0.001" /><testcase classname="tests.test_variables_resolution" name="test_describe_alias_redirect_includes_status_metadata" time="0.001" /><testcase classname="tests.test_variables_resolution" name="test_describe_unknown_resolution_type" time="0.001" /><testcase classname="tests.test_variables_secrets_issue.TestVariablesSecretsIssue" name="test_build_request_args_skips_disabled_entries" time="0.003" /><testcase classname="tests.test_variables_secrets_issue.TestVariablesSecretsIssue" name="test_build_request_args_with_model_objects" time="0.002" /><testcase classname="tests.test_variables_secrets_issue.TestVariablesSecretsIssue" name="test_list_secrets_returns_model_objects" time="0.001" /><testcase classname="tests.test_variables_secrets_issue.TestVariablesSecretsIssue" name="test_list_variables_returns_model_objects" time="0.001" /><testcase classname="tests.test_variables_secrets_issue.TestVariablesSecretsIssue" name="test_model_as_dict_ignores_disabled_entries" time="0.001" /><testcase classname="tests.test_variables_secrets_simple" name="test_current_behavior" time="0.001" /><testcase classname="tests.test_variables_secrets_simple" name="test_expected_behavior" time="0.001" /><testcase classname="tests.test_vercel_entry_point.TestVercelEntryPoint" name="test_read_only_mode_enabled_from_env" time="4.116" /><testcase classname="tests.test_vercel_entry_point.TestVercelEntryPoint" name="test_read_only_mode_not_enabled_when_env_false" time="4.023" /><testcase classname="tests.test_vercel_entry_point.TestVercelEntryPoint" name="test_read_only_mode_respects_various_true_values" time="28.719" /><testcase classname="tests.test_versioned_server_invocation.TestVersionedServerInvocation" name="test_is_potential_versioned_server_path" time="0.001" /><testcase classname="tests.test_versioned_server_invocation.TestVersionedServerInvocation" name="test_try_partial_helper_executes" time="0.002" /><testcase classname="tests.test_versioned_server_invocation.TestVersionedServerInvocation" name="test_try_partial_multiple_matches_returns_400_with_list" time="0.001" /><testcase classname="tests.test_versioned_server_invocation.TestVersionedServerInvocation" name="test_try_partial_no_matches_returns_404" time="0.002" /><testcase classname="tests.test_versioned_server_invocation.TestVersionedServerInvocation" name="test_try_partial_server_missing" time="0.001" /><testcase classname="tests.test_versioned_server_invocation.TestVersionedServerInvocation" name="test_try_partial_single_match_executes" time="0.004" /></testsuite></testsuites>